  main.cpp
C:\Users\andy1\Documents\GitHub\GFX-Vulkan\VulkanApp\Utils.h(503,11): warning C4244: "Initialisierung": Konvertierung von "_Rep" in "int", möglicher Datenverlust
C:\Users\andy1\Documents\GitHub\GFX-Vulkan\VulkanApp\Utils.h(503,11): warning C4244:         with
C:\Users\andy1\Documents\GitHub\GFX-Vulkan\VulkanApp\Utils.h(503,11): warning C4244:         [
C:\Users\andy1\Documents\GitHub\GFX-Vulkan\VulkanApp\Utils.h(503,11): warning C4244:             _Rep=__int64
C:\Users\andy1\Documents\GitHub\GFX-Vulkan\VulkanApp\Utils.h(503,11): warning C4244:         ]
  (Quelldatei „main.cpp“ wird kompiliert)
  
  UnlitMaterial.cpp
C:\Users\andy1\Documents\GitHub\GFX-Vulkan\VulkanApp\Utils.h(503,11): warning C4244: "Initialisierung": Konvertierung von "_Rep" in "int", möglicher Datenverlust
C:\Users\andy1\Documents\GitHub\GFX-Vulkan\VulkanApp\Utils.h(503,11): warning C4244:         with
C:\Users\andy1\Documents\GitHub\GFX-Vulkan\VulkanApp\Utils.h(503,11): warning C4244:         [
C:\Users\andy1\Documents\GitHub\GFX-Vulkan\VulkanApp\Utils.h(503,11): warning C4244:             _Rep=__int64
C:\Users\andy1\Documents\GitHub\GFX-Vulkan\VulkanApp\Utils.h(503,11): warning C4244:         ]
  (Quelldatei „Graphics/UnlitMaterial.cpp“ wird kompiliert)
  
  Renderer.cpp
C:\Users\andy1\Documents\GitHub\GFX-Vulkan\VulkanApp\Utils.h(503,11): warning C4244: "Initialisierung": Konvertierung von "_Rep" in "int", möglicher Datenverlust
C:\Users\andy1\Documents\GitHub\GFX-Vulkan\VulkanApp\Utils.h(503,11): warning C4244:         with
C:\Users\andy1\Documents\GitHub\GFX-Vulkan\VulkanApp\Utils.h(503,11): warning C4244:         [
C:\Users\andy1\Documents\GitHub\GFX-Vulkan\VulkanApp\Utils.h(503,11): warning C4244:             _Rep=__int64
C:\Users\andy1\Documents\GitHub\GFX-Vulkan\VulkanApp\Utils.h(503,11): warning C4244:         ]
  (Quelldatei „Graphics/Renderer.cpp“ wird kompiliert)
  
C:\Users\andy1\Documents\GitHub\GFX-Vulkan\VulkanApp\Graphics\Renderer.cpp(530,46): warning C4267: "=": Konvertierung von "size_t" nach "int", Datenverlust möglich
C:\Users\andy1\Documents\GitHub\GFX-Vulkan\VulkanApp\Graphics\Renderer.cpp(964,48): warning C4267: "Argument": Konvertierung von "size_t" nach "uint32_t", Datenverlust möglich
C:\Users\andy1\Documents\GitHub\GFX-Vulkan\VulkanApp\Graphics\Renderer.cpp(966,33): warning C4267: "=": Konvertierung von "size_t" nach "int", Datenverlust möglich
C:\Users\andy1\Documents\GitHub\GFX-Vulkan\VulkanApp\Graphics\Renderer.cpp(1149,40): warning C4267: "return": Konvertierung von "size_t" nach "int", Datenverlust möglich
C:\Users\andy1\Documents\GitHub\GFX-Vulkan\VulkanApp\Graphics\Renderer.cpp(1189,40): warning C4267: "return": Konvertierung von "size_t" nach "int", Datenverlust möglich
C:\Users\andy1\Documents\GitHub\GFX-Vulkan\VulkanApp\Graphics\Renderer.cpp(1266,32): warning C4267: "return": Konvertierung von "size_t" nach "int", Datenverlust möglich
C:\Users\andy1\Documents\GitHub\GFX-Vulkan\VulkanApp\Graphics\Renderer.cpp(1283,31): warning C4267: "return": Konvertierung von "size_t" nach "int", Datenverlust möglich
C:\Users\andy1\Documents\GitHub\GFX-Vulkan\VulkanApp\Graphics\Renderer.cpp(1300,27): warning C4267: "return": Konvertierung von "size_t" nach "int", Datenverlust möglich
C:\Users\andy1\Documents\GitHub\GFX-Vulkan\VulkanApp\Graphics\Renderer.cpp(1332,31): warning C4267: "return": Konvertierung von "size_t" nach "int", Datenverlust möglich
C:\Users\andy1\Documents\GitHub\GFX-Vulkan\VulkanApp\Graphics\Renderer.cpp(1447,31): warning C4267: "return": Konvertierung von "size_t" nach "int", Datenverlust möglich
C:\Users\andy1\Documents\GitHub\GFX-Vulkan\VulkanApp\Graphics\Renderer.cpp(1463,32): warning C4267: "return": Konvertierung von "size_t" nach "int", Datenverlust möglich
  Code wird generiert...
C:\Users\andy1\Documents\GitHub\GFX-Vulkan\VulkanApp\Graphics\Renderer.cpp(1081,1): warning C4715: "Renderer::chooseSupportedFormat": Nicht alle Codepfade geben einen Wert zurück.
C:\Users\andy1\Documents\GitHub\GFX-Vulkan\VulkanApp\Graphics\Renderer.cpp(1347,1): warning C4715: "Renderer::getIndexBuffer": Nicht alle Codepfade geben einen Wert zurück.
C:\Users\andy1\Documents\GitHub\GFX-Vulkan\VulkanApp\Graphics\Renderer.cpp(1340,1): warning C4715: "Renderer::getVertexBuffer": Nicht alle Codepfade geben einen Wert zurück.
C:\Users\andy1\Documents\GitHub\GFX-Vulkan\VulkanApp\Graphics\Renderer.cpp(1354,1): warning C4715: "Renderer::getImageBuffer": Nicht alle Codepfade geben einen Wert zurück.
C:\Users\andy1\Documents\GitHub\GFX-Vulkan\VulkanApp\Graphics\Renderer.cpp(1379,1): warning C4715: "Renderer::getDescriptorSet": Nicht alle Codepfade geben einen Wert zurück.
C:\Users\andy1\Documents\GitHub\GFX-Vulkan\VulkanApp\Graphics\Renderer.cpp(1411,1): warning C4715: "Renderer::getCommandBuffer": Nicht alle Codepfade geben einen Wert zurück.
C:\Users\andy1\Documents\GitHub\GFX-Vulkan\VulkanApp\Graphics\Renderer.cpp(1433,1): warning C4715: "Renderer::getSwapchainFramebuffer": Nicht alle Codepfade geben einen Wert zurück.
C:\Users\andy1\Documents\GitHub\GFX-Vulkan\VulkanApp\Utils.h(121,1): warning C4715: "findMemoryType": Nicht alle Codepfade geben einen Wert zurück.
  VulkanApp.vcxproj -> C:\Users\andy1\Documents\GitHub\GFX-Vulkan\x64\Debug (Lib)\VulkanApp.lib
  C:\Users\andy1\Documents\GitHub\GFX-Vulkan\VulkanApp\shaders\compile.bat
  C:\Users\andy1\Documents\GitHub\GFX-Vulkan\VulkanApp\shaders\frag.spv
  C:\Users\andy1\Documents\GitHub\GFX-Vulkan\VulkanApp\shaders\frag_2d.spv
  C:\Users\andy1\Documents\GitHub\GFX-Vulkan\VulkanApp\shaders\fullscreen.frag
  C:\Users\andy1\Documents\GitHub\GFX-Vulkan\VulkanApp\shaders\fullscreen.vert
  C:\Users\andy1\Documents\GitHub\GFX-Vulkan\VulkanApp\shaders\fullscreen_frag.spv
  C:\Users\andy1\Documents\GitHub\GFX-Vulkan\VulkanApp\shaders\fullscreen_vert.spv
  C:\Users\andy1\Documents\GitHub\GFX-Vulkan\VulkanApp\shaders\shader.frag
  C:\Users\andy1\Documents\GitHub\GFX-Vulkan\VulkanApp\shaders\shader.vert
  C:\Users\andy1\Documents\GitHub\GFX-Vulkan\VulkanApp\shaders\shader_2d.frag
  C:\Users\andy1\Documents\GitHub\GFX-Vulkan\VulkanApp\shaders\shader_2d.vert
  C:\Users\andy1\Documents\GitHub\GFX-Vulkan\VulkanApp\shaders\skybox.frag
  C:\Users\andy1\Documents\GitHub\GFX-Vulkan\VulkanApp\shaders\skybox.vert
  C:\Users\andy1\Documents\GitHub\GFX-Vulkan\VulkanApp\shaders\skybox_frag.spv
  C:\Users\andy1\Documents\GitHub\GFX-Vulkan\VulkanApp\shaders\skybox_vert.spv
  C:\Users\andy1\Documents\GitHub\GFX-Vulkan\VulkanApp\shaders\triangle.frag
  C:\Users\andy1\Documents\GitHub\GFX-Vulkan\VulkanApp\shaders\triangle.vert
  C:\Users\andy1\Documents\GitHub\GFX-Vulkan\VulkanApp\shaders\triangle_frag.spv
  C:\Users\andy1\Documents\GitHub\GFX-Vulkan\VulkanApp\shaders\triangle_vert.spv
  C:\Users\andy1\Documents\GitHub\GFX-Vulkan\VulkanApp\shaders\vert.spv
  C:\Users\andy1\Documents\GitHub\GFX-Vulkan\VulkanApp\shaders\vert_2d.spv
  21 Datei(en) kopiert
  C:\Users\andy1\Documents\GitHub\GFX-Vulkan\VulkanApp\stb_image.h
  C:\Users\andy1\Documents\GitHub\GFX-Vulkan\VulkanApp\Utils.h
  C:\Users\andy1\Documents\GitHub\GFX-Vulkan\VulkanApp\Components\RotationBehavior.h
  C:\Users\andy1\Documents\GitHub\GFX-Vulkan\VulkanApp\Core\Component.h
  C:\Users\andy1\Documents\GitHub\GFX-Vulkan\VulkanApp\Core\Entity.h
  C:\Users\andy1\Documents\GitHub\GFX-Vulkan\VulkanApp\Core\Game.h
  C:\Users\andy1\Documents\GitHub\GFX-Vulkan\VulkanApp\Core\GFX.h
  C:\Users\andy1\Documents\GitHub\GFX-Vulkan\VulkanApp\Core\Input.h
  C:\Users\andy1\Documents\GitHub\GFX-Vulkan\VulkanApp\Core\Model.h
  C:\Users\andy1\Documents\GitHub\GFX-Vulkan\VulkanApp\Core\Scene.h
  C:\Users\andy1\Documents\GitHub\GFX-Vulkan\VulkanApp\Core\Skybox.h
  C:\Users\andy1\Documents\GitHub\GFX-Vulkan\VulkanApp\Core\Sprite.h
  C:\Users\andy1\Documents\GitHub\GFX-Vulkan\VulkanApp\Graphics\Buffer.h
  C:\Users\andy1\Documents\GitHub\GFX-Vulkan\VulkanApp\Graphics\Camera.h
  C:\Users\andy1\Documents\GitHub\GFX-Vulkan\VulkanApp\Graphics\Camera2D.h
  C:\Users\andy1\Documents\GitHub\GFX-Vulkan\VulkanApp\Graphics\Camera3D.h
  C:\Users\andy1\Documents\GitHub\GFX-Vulkan\VulkanApp\Graphics\Cubemap.h
  C:\Users\andy1\Documents\GitHub\GFX-Vulkan\VulkanApp\Graphics\CubemapBuffer.h
  C:\Users\andy1\Documents\GitHub\GFX-Vulkan\VulkanApp\Graphics\DefaultRenderPass.h
  C:\Users\andy1\Documents\GitHub\GFX-Vulkan\VulkanApp\Graphics\FontAtlas.h
  C:\Users\andy1\Documents\GitHub\GFX-Vulkan\VulkanApp\Graphics\ImageBuffer.h
  C:\Users\andy1\Documents\GitHub\GFX-Vulkan\VulkanApp\Graphics\ImageTexture.h
  C:\Users\andy1\Documents\GitHub\GFX-Vulkan\VulkanApp\Graphics\IndexBuffer.h
  C:\Users\andy1\Documents\GitHub\GFX-Vulkan\VulkanApp\Graphics\Material.h
  C:\Users\andy1\Documents\GitHub\GFX-Vulkan\VulkanApp\Graphics\Mesh.h
  C:\Users\andy1\Documents\GitHub\GFX-Vulkan\VulkanApp\Graphics\OffscreenRenderPass.h
  C:\Users\andy1\Documents\GitHub\GFX-Vulkan\VulkanApp\Graphics\Pipeline.h
  C:\Users\andy1\Documents\GitHub\GFX-Vulkan\VulkanApp\Graphics\PipelineManager.h
  C:\Users\andy1\Documents\GitHub\GFX-Vulkan\VulkanApp\Graphics\Renderer.h
  C:\Users\andy1\Documents\GitHub\GFX-Vulkan\VulkanApp\Graphics\RenderPass.h
  C:\Users\andy1\Documents\GitHub\GFX-Vulkan\VulkanApp\Graphics\RenderPassManager.h
  C:\Users\andy1\Documents\GitHub\GFX-Vulkan\VulkanApp\Graphics\RenderTarget.h
  C:\Users\andy1\Documents\GitHub\GFX-Vulkan\VulkanApp\Graphics\UniformBuffer.h
  C:\Users\andy1\Documents\GitHub\GFX-Vulkan\VulkanApp\Graphics\UnlitMaterial.h
  C:\Users\andy1\Documents\GitHub\GFX-Vulkan\VulkanApp\Graphics\VertexBuffer.h
  C:\Users\andy1\Documents\GitHub\GFX-Vulkan\VulkanApp\Math\Transform.h
  36 Datei(en) kopiert
  Datei *.hpp nicht gefunden
  0 Datei(en) kopiert
