c:\users\andy1\documents\github\gfx-vulkan\vulkanapp\x64\debug\vc143.pdb
c:\users\andy1\documents\github\gfx-vulkan\vulkanapp\x64\debug\vc143.idb
c:\users\andy1\documents\github\gfx-vulkan\vulkanapp\x64\debug\renderer.obj
c:\users\andy1\documents\github\gfx-vulkan\vulkanapp\x64\debug\mesh.obj
c:\users\andy1\documents\github\gfx-vulkan\vulkanapp\x64\debug\main.obj
c:\users\andy1\documents\github\gfx-vulkan\vulkanapp\x64\debug\vertexbuffer.obj
c:\users\andy1\documents\github\gfx-vulkan\vulkanapp\x64\debug\uniformbuffer.obj
c:\users\andy1\documents\github\gfx-vulkan\vulkanapp\x64\debug\indexbuffer.obj
c:\users\andy1\documents\github\gfx-vulkan\vulkanapp\x64\debug\imagetexture.obj
c:\users\andy1\documents\github\gfx-vulkan\x64\debug\vulkanapp.exe
c:\users\andy1\documents\github\gfx-vulkan\x64\debug\vulkanapp.pdb
c:\users\andy1\documents\github\gfx-vulkan\vulkanapp\x64\debug\vulkanapp.ilk
c:\users\andy1\documents\github\gfx-vulkan\vulkanapp\x64\debug\renderer.obj.enc
c:\users\andy1\documents\github\gfx-vulkan\vulkanapp\x64\debug\vulkanapp.tlog\cl.command.1.tlog
c:\users\andy1\documents\github\gfx-vulkan\vulkanapp\x64\debug\vulkanapp.tlog\cl.items.tlog
c:\users\andy1\documents\github\gfx-vulkan\vulkanapp\x64\debug\vulkanapp.tlog\cl.read.1.tlog
c:\users\andy1\documents\github\gfx-vulkan\vulkanapp\x64\debug\vulkanapp.tlog\cl.write.1.tlog
c:\users\andy1\documents\github\gfx-vulkan\vulkanapp\x64\debug\vulkanapp.tlog\link.command.1.tlog
c:\users\andy1\documents\github\gfx-vulkan\vulkanapp\x64\debug\vulkanapp.tlog\link.read.1.tlog
c:\users\andy1\documents\github\gfx-vulkan\vulkanapp\x64\debug\vulkanapp.tlog\link.secondary.1.tlog
c:\users\andy1\documents\github\gfx-vulkan\vulkanapp\x64\debug\vulkanapp.tlog\link.write.1.tlog
