  RotationBehavior.cpp
C:\Users\andy1\Documents\GitHub\GFX-Vulkan\VulkanApp\Utils.h(341,11): warning C4244: "Initialisierung": Konvertierung von "_Rep" in "int", möglicher Datenverlust
C:\Users\andy1\Documents\GitHub\GFX-Vulkan\VulkanApp\Utils.h(341,11): warning C4244:         with
C:\Users\andy1\Documents\GitHub\GFX-Vulkan\VulkanApp\Utils.h(341,11): warning C4244:         [
C:\Users\andy1\Documents\GitHub\GFX-Vulkan\VulkanApp\Utils.h(341,11): warning C4244:             _Rep=__int64
C:\Users\andy1\Documents\GitHub\GFX-Vulkan\VulkanApp\Utils.h(341,11): warning C4244:         ]
  (Quelldatei „Components/RotationBehavior.cpp“ wird kompiliert)
  
  Component.cpp
C:\Users\andy1\Documents\GitHub\GFX-Vulkan\VulkanApp\Utils.h(341,11): warning C4244: "Initialisierung": Konvertierung von "_Rep" in "int", möglicher Datenverlust
C:\Users\andy1\Documents\GitHub\GFX-Vulkan\VulkanApp\Utils.h(341,11): warning C4244:         with
C:\Users\andy1\Documents\GitHub\GFX-Vulkan\VulkanApp\Utils.h(341,11): warning C4244:         [
C:\Users\andy1\Documents\GitHub\GFX-Vulkan\VulkanApp\Utils.h(341,11): warning C4244:             _Rep=__int64
C:\Users\andy1\Documents\GitHub\GFX-Vulkan\VulkanApp\Utils.h(341,11): warning C4244:         ]
  (Quelldatei „Core/Component.cpp“ wird kompiliert)
  
  Entity.cpp
C:\Users\andy1\Documents\GitHub\GFX-Vulkan\VulkanApp\Utils.h(341,11): warning C4244: "Initialisierung": Konvertierung von "_Rep" in "int", möglicher Datenverlust
C:\Users\andy1\Documents\GitHub\GFX-Vulkan\VulkanApp\Utils.h(341,11): warning C4244:         with
C:\Users\andy1\Documents\GitHub\GFX-Vulkan\VulkanApp\Utils.h(341,11): warning C4244:         [
C:\Users\andy1\Documents\GitHub\GFX-Vulkan\VulkanApp\Utils.h(341,11): warning C4244:             _Rep=__int64
C:\Users\andy1\Documents\GitHub\GFX-Vulkan\VulkanApp\Utils.h(341,11): warning C4244:         ]
  (Quelldatei „Core/Entity.cpp“ wird kompiliert)
  
  GFX.cpp
C:\Users\andy1\Documents\GitHub\GFX-Vulkan\VulkanApp\Utils.h(341,11): warning C4244: "Initialisierung": Konvertierung von "_Rep" in "int", möglicher Datenverlust
C:\Users\andy1\Documents\GitHub\GFX-Vulkan\VulkanApp\Utils.h(341,11): warning C4244:         with
C:\Users\andy1\Documents\GitHub\GFX-Vulkan\VulkanApp\Utils.h(341,11): warning C4244:         [
C:\Users\andy1\Documents\GitHub\GFX-Vulkan\VulkanApp\Utils.h(341,11): warning C4244:             _Rep=__int64
C:\Users\andy1\Documents\GitHub\GFX-Vulkan\VulkanApp\Utils.h(341,11): warning C4244:         ]
  (Quelldatei „Core/GFX.cpp“ wird kompiliert)
  
  Model.cpp
C:\Users\andy1\Documents\GitHub\GFX-Vulkan\VulkanApp\Utils.h(341,11): warning C4244: "Initialisierung": Konvertierung von "_Rep" in "int", möglicher Datenverlust
C:\Users\andy1\Documents\GitHub\GFX-Vulkan\VulkanApp\Utils.h(341,11): warning C4244:         with
C:\Users\andy1\Documents\GitHub\GFX-Vulkan\VulkanApp\Utils.h(341,11): warning C4244:         [
C:\Users\andy1\Documents\GitHub\GFX-Vulkan\VulkanApp\Utils.h(341,11): warning C4244:             _Rep=__int64
C:\Users\andy1\Documents\GitHub\GFX-Vulkan\VulkanApp\Utils.h(341,11): warning C4244:         ]
  (Quelldatei „Core/Model.cpp“ wird kompiliert)
  
  Scene.cpp
C:\Users\andy1\Documents\GitHub\GFX-Vulkan\VulkanApp\Utils.h(341,11): warning C4244: "Initialisierung": Konvertierung von "_Rep" in "int", möglicher Datenverlust
C:\Users\andy1\Documents\GitHub\GFX-Vulkan\VulkanApp\Utils.h(341,11): warning C4244:         with
C:\Users\andy1\Documents\GitHub\GFX-Vulkan\VulkanApp\Utils.h(341,11): warning C4244:         [
C:\Users\andy1\Documents\GitHub\GFX-Vulkan\VulkanApp\Utils.h(341,11): warning C4244:             _Rep=__int64
C:\Users\andy1\Documents\GitHub\GFX-Vulkan\VulkanApp\Utils.h(341,11): warning C4244:         ]
  (Quelldatei „Core/Scene.cpp“ wird kompiliert)
  
  Sprite.cpp
C:\Users\andy1\Documents\GitHub\GFX-Vulkan\VulkanApp\Utils.h(341,11): warning C4244: "Initialisierung": Konvertierung von "_Rep" in "int", möglicher Datenverlust
C:\Users\andy1\Documents\GitHub\GFX-Vulkan\VulkanApp\Utils.h(341,11): warning C4244:         with
C:\Users\andy1\Documents\GitHub\GFX-Vulkan\VulkanApp\Utils.h(341,11): warning C4244:         [
C:\Users\andy1\Documents\GitHub\GFX-Vulkan\VulkanApp\Utils.h(341,11): warning C4244:             _Rep=__int64
C:\Users\andy1\Documents\GitHub\GFX-Vulkan\VulkanApp\Utils.h(341,11): warning C4244:         ]
  (Quelldatei „Core/Sprite.cpp“ wird kompiliert)
  
  ImageBuffer.cpp
C:\Users\andy1\Documents\GitHub\GFX-Vulkan\VulkanApp\Utils.h(341,11): warning C4244: "Initialisierung": Konvertierung von "_Rep" in "int", möglicher Datenverlust
C:\Users\andy1\Documents\GitHub\GFX-Vulkan\VulkanApp\Utils.h(341,11): warning C4244:         with
C:\Users\andy1\Documents\GitHub\GFX-Vulkan\VulkanApp\Utils.h(341,11): warning C4244:         [
C:\Users\andy1\Documents\GitHub\GFX-Vulkan\VulkanApp\Utils.h(341,11): warning C4244:             _Rep=__int64
C:\Users\andy1\Documents\GitHub\GFX-Vulkan\VulkanApp\Utils.h(341,11): warning C4244:         ]
  (Quelldatei „Graphics/ImageBuffer.cpp“ wird kompiliert)
  
  Mesh.cpp
C:\Users\andy1\Documents\GitHub\GFX-Vulkan\VulkanApp\Utils.h(341,11): warning C4244: "Initialisierung": Konvertierung von "_Rep" in "int", möglicher Datenverlust
C:\Users\andy1\Documents\GitHub\GFX-Vulkan\VulkanApp\Utils.h(341,11): warning C4244:         with
C:\Users\andy1\Documents\GitHub\GFX-Vulkan\VulkanApp\Utils.h(341,11): warning C4244:         [
C:\Users\andy1\Documents\GitHub\GFX-Vulkan\VulkanApp\Utils.h(341,11): warning C4244:             _Rep=__int64
C:\Users\andy1\Documents\GitHub\GFX-Vulkan\VulkanApp\Utils.h(341,11): warning C4244:         ]
  (Quelldatei „Graphics/Mesh.cpp“ wird kompiliert)
  
  Renderer.cpp
C:\Users\andy1\Documents\GitHub\GFX-Vulkan\VulkanApp\Utils.h(341,11): warning C4244: "Initialisierung": Konvertierung von "_Rep" in "int", möglicher Datenverlust
C:\Users\andy1\Documents\GitHub\GFX-Vulkan\VulkanApp\Utils.h(341,11): warning C4244:         with
C:\Users\andy1\Documents\GitHub\GFX-Vulkan\VulkanApp\Utils.h(341,11): warning C4244:         [
C:\Users\andy1\Documents\GitHub\GFX-Vulkan\VulkanApp\Utils.h(341,11): warning C4244:             _Rep=__int64
C:\Users\andy1\Documents\GitHub\GFX-Vulkan\VulkanApp\Utils.h(341,11): warning C4244:         ]
  (Quelldatei „Graphics/Renderer.cpp“ wird kompiliert)
  
C:\Users\andy1\Documents\GitHub\GFX-Vulkan\VulkanApp\Graphics\Renderer.cpp(560,46): warning C4267: "=": Konvertierung von "size_t" nach "int", Datenverlust möglich
C:\Users\andy1\Documents\GitHub\GFX-Vulkan\VulkanApp\Graphics\Renderer.cpp(939,48): warning C4267: "Argument": Konvertierung von "size_t" nach "uint32_t", Datenverlust möglich
C:\Users\andy1\Documents\GitHub\GFX-Vulkan\VulkanApp\Graphics\Renderer.cpp(941,33): warning C4267: "=": Konvertierung von "size_t" nach "int", Datenverlust möglich
C:\Users\andy1\Documents\GitHub\GFX-Vulkan\VulkanApp\Graphics\Renderer.cpp(1116,40): warning C4267: "return": Konvertierung von "size_t" nach "int", Datenverlust möglich
C:\Users\andy1\Documents\GitHub\GFX-Vulkan\VulkanApp\Graphics\Renderer.cpp(1192,32): warning C4267: "return": Konvertierung von "size_t" nach "int", Datenverlust möglich
C:\Users\andy1\Documents\GitHub\GFX-Vulkan\VulkanApp\Graphics\Renderer.cpp(1209,31): warning C4267: "return": Konvertierung von "size_t" nach "int", Datenverlust möglich
C:\Users\andy1\Documents\GitHub\GFX-Vulkan\VulkanApp\Graphics\Renderer.cpp(1263,31): warning C4267: "return": Konvertierung von "size_t" nach "int", Datenverlust möglich
  UnlitMaterial.cpp
C:\Users\andy1\Documents\GitHub\GFX-Vulkan\VulkanApp\Utils.h(341,11): warning C4244: "Initialisierung": Konvertierung von "_Rep" in "int", möglicher Datenverlust
C:\Users\andy1\Documents\GitHub\GFX-Vulkan\VulkanApp\Utils.h(341,11): warning C4244:         with
C:\Users\andy1\Documents\GitHub\GFX-Vulkan\VulkanApp\Utils.h(341,11): warning C4244:         [
C:\Users\andy1\Documents\GitHub\GFX-Vulkan\VulkanApp\Utils.h(341,11): warning C4244:             _Rep=__int64
C:\Users\andy1\Documents\GitHub\GFX-Vulkan\VulkanApp\Utils.h(341,11): warning C4244:         ]
  (Quelldatei „Graphics/UnlitMaterial.cpp“ wird kompiliert)
  
  main.cpp
C:\Users\andy1\Documents\GitHub\GFX-Vulkan\VulkanApp\Utils.h(341,11): warning C4244: "Initialisierung": Konvertierung von "_Rep" in "int", möglicher Datenverlust
C:\Users\andy1\Documents\GitHub\GFX-Vulkan\VulkanApp\Utils.h(341,11): warning C4244:         with
C:\Users\andy1\Documents\GitHub\GFX-Vulkan\VulkanApp\Utils.h(341,11): warning C4244:         [
C:\Users\andy1\Documents\GitHub\GFX-Vulkan\VulkanApp\Utils.h(341,11): warning C4244:             _Rep=__int64
C:\Users\andy1\Documents\GitHub\GFX-Vulkan\VulkanApp\Utils.h(341,11): warning C4244:         ]
  (Quelldatei „main.cpp“ wird kompiliert)
  
  Code wird generiert...
C:\Users\andy1\Documents\GitHub\GFX-Vulkan\VulkanApp\Graphics\Renderer.cpp(1056,1): warning C4715: "Renderer::chooseSupportedFormat": Nicht alle Codepfade geben einen Wert zurück.
C:\Users\andy1\Documents\GitHub\GFX-Vulkan\VulkanApp\Graphics\Renderer.cpp(1217,1): warning C4715: "Renderer::getVertexBuffer": Nicht alle Codepfade geben einen Wert zurück.
C:\Users\andy1\Documents\GitHub\GFX-Vulkan\VulkanApp\Graphics\Renderer.cpp(1238,1): warning C4715: "Renderer::getDescriptorSet": Nicht alle Codepfade geben einen Wert zurück.
C:\Users\andy1\Documents\GitHub\GFX-Vulkan\VulkanApp\Graphics\Renderer.cpp(1231,1): warning C4715: "Renderer::getImageBuffer": Nicht alle Codepfade geben einen Wert zurück.
C:\Users\andy1\Documents\GitHub\GFX-Vulkan\VulkanApp\Graphics\Renderer.cpp(1224,1): warning C4715: "Renderer::getIndexBuffer": Nicht alle Codepfade geben einen Wert zurück.
C:\Users\andy1\Documents\GitHub\GFX-Vulkan\VulkanApp\Graphics\Renderer.cpp(1245,1): warning C4715: "Renderer::getSamplerDescriptorSet": Nicht alle Codepfade geben einen Wert zurück.
C:\Users\andy1\Documents\GitHub\GFX-Vulkan\VulkanApp\Graphics\Renderer.cpp(1252,1): warning C4715: "Renderer::getCommandBuffer": Nicht alle Codepfade geben einen Wert zurück.
C:\Users\andy1\Documents\GitHub\GFX-Vulkan\VulkanApp\Utils.h(102,1): warning C4715: "findMemoryType": Nicht alle Codepfade geben einen Wert zurück.
C:\Users\andy1\Documents\GitHub\GFX-Vulkan\VulkanApp\Utils.h(102,1): warning C4715: "findMemoryType": Nicht alle Codepfade geben einen Wert zurück.
  VulkanApp.vcxproj -> C:\Users\andy1\Documents\GitHub\GFX-Vulkan\x64\Debug\VulkanApp.exe
